# Logfile created on 2014-08-15 19:06:36 +0100 by logger.rb/44203
I, [2014-08-15T19:06:36.171370 #10231]  INFO -- : 0:  ffi (1.9.3) from /usr/local/lib/ruby/gems/2.1.0/specifications/ffi-1.9.3.gemspec
I, [2014-08-15T19:06:36.171711 #10231]  INFO -- : 0:  rack (1.5.2) from /usr/local/lib/ruby/gems/2.1.0/specifications/rack-1.5.2.gemspec
I, [2014-08-15T19:06:36.171911 #10231]  INFO -- : 0:  rack-protection (1.5.3) from /usr/local/lib/ruby/gems/2.1.0/specifications/rack-protection-1.5.3.gemspec
I, [2014-08-15T19:06:36.172124 #10231]  INFO -- : 0:  rb-inotify (0.9.5) from /usr/local/lib/ruby/gems/2.1.0/specifications/rb-inotify-0.9.5.gemspec
I, [2014-08-15T19:06:36.172335 #10231]  INFO -- : 0:  tilt (1.4.1) from /usr/local/lib/ruby/gems/2.1.0/specifications/tilt-1.4.1.gemspec
I, [2014-08-15T19:06:36.172526 #10231]  INFO -- : 0:  sinatra (1.4.5) from /usr/local/lib/ruby/gems/2.1.0/specifications/sinatra-1.4.5.gemspec
I, [2014-08-15T19:06:36.172731 #10231]  INFO -- : 0:  sunra_config (0.0.17) from /usr/local/lib/ruby/gems/2.1.0/specifications/sunra_config-0.0.17.gemspec
I, [2014-08-15T19:06:36.172897 #10231]  INFO -- : 0:  bundler (1.5.1) from /usr/local/lib/ruby/gems/2.1.0/specifications/bundler-1.5.1.gemspec
I, [2014-08-16T22:22:59.600512 #1232]  INFO -- : 0:  diff-lcs (1.2.5) from /usr/local/lib/ruby/gems/2.1.0/specifications/diff-lcs-1.2.5.gemspec
I, [2014-08-16T22:22:59.600863 #1232]  INFO -- : 0:  ffi (1.9.3) from /usr/local/lib/ruby/gems/2.1.0/specifications/ffi-1.9.3.gemspec
I, [2014-08-16T22:22:59.601084 #1232]  INFO -- : 0:  rack (1.5.2) from /usr/local/lib/ruby/gems/2.1.0/specifications/rack-1.5.2.gemspec
I, [2014-08-16T22:22:59.601299 #1232]  INFO -- : 0:  rack-protection (1.5.3) from /usr/local/lib/ruby/gems/2.1.0/specifications/rack-protection-1.5.3.gemspec
I, [2014-08-16T22:22:59.601508 #1232]  INFO -- : 0:  rb-inotify (0.9.5) from /usr/local/lib/ruby/gems/2.1.0/specifications/rb-inotify-0.9.5.gemspec
I, [2014-08-16T22:22:59.601722 #1232]  INFO -- : 0:  rspec-support (3.0.3) from /usr/local/lib/ruby/gems/2.1.0/specifications/rspec-support-3.0.3.gemspec
I, [2014-08-16T22:22:59.601918 #1232]  INFO -- : 0:  rspec-core (3.0.3) from /usr/local/lib/ruby/gems/2.1.0/specifications/rspec-core-3.0.3.gemspec
I, [2014-08-16T22:22:59.602171 #1232]  INFO -- : 0:  rspec-expectations (3.0.3) from /usr/local/lib/ruby/gems/2.1.0/specifications/rspec-expectations-3.0.3.gemspec
I, [2014-08-16T22:22:59.602384 #1232]  INFO -- : 0:  rspec-mocks (3.0.3) from /usr/local/lib/ruby/gems/2.1.0/specifications/rspec-mocks-3.0.3.gemspec
I, [2014-08-16T22:22:59.602609 #1232]  INFO -- : 0:  rspec (3.0.0) from /usr/local/lib/ruby/gems/2.1.0/specifications/rspec-3.0.0.gemspec
I, [2014-08-16T22:22:59.602812 #1232]  INFO -- : 0:  tilt (1.4.1) from /usr/local/lib/ruby/gems/2.1.0/specifications/tilt-1.4.1.gemspec
I, [2014-08-16T22:22:59.603033 #1232]  INFO -- : 0:  sinatra (1.4.5) from /usr/local/lib/ruby/gems/2.1.0/specifications/sinatra-1.4.5.gemspec
I, [2014-08-16T22:22:59.603266 #1232]  INFO -- : 0:  sunra_config (0.0.17) from /usr/local/lib/ruby/gems/2.1.0/specifications/sunra_config-0.0.17.gemspec
I, [2014-08-16T22:22:59.603453 #1232]  INFO -- : 0:  bundler (1.5.1) from /usr/local/lib/ruby/gems/2.1.0/specifications/bundler-1.5.1.gemspec
I, [2014-08-17T20:17:03.272615 #2681]  INFO -- : 0:  diff-lcs (1.2.5) from /usr/local/lib/ruby/gems/2.1.0/specifications/diff-lcs-1.2.5.gemspec
I, [2014-08-17T20:17:03.272879 #2681]  INFO -- : 0:  ffi (1.9.3) from /usr/local/lib/ruby/gems/2.1.0/specifications/ffi-1.9.3.gemspec
I, [2014-08-17T20:17:03.273154 #2681]  INFO -- : 0:  rack (1.5.2) from /usr/local/lib/ruby/gems/2.1.0/specifications/rack-1.5.2.gemspec
I, [2014-08-17T20:17:03.273310 #2681]  INFO -- : 0:  rack-protection (1.5.3) from /usr/local/lib/ruby/gems/2.1.0/specifications/rack-protection-1.5.3.gemspec
I, [2014-08-17T20:17:03.273453 #2681]  INFO -- : 0:  rb-inotify (0.9.5) from /usr/local/lib/ruby/gems/2.1.0/specifications/rb-inotify-0.9.5.gemspec
I, [2014-08-17T20:17:07.280797 #2681]  INFO -- : 0:  rspec-support (3.0.4) from /usr/local/lib/ruby/gems/2.1.0/specifications/rspec-support-3.0.4.gemspec
I, [2014-08-17T20:17:08.535500 #2681]  INFO -- : 0:  rspec-core (3.0.4) from /usr/local/lib/ruby/gems/2.1.0/specifications/rspec-core-3.0.4.gemspec
I, [2014-08-17T20:17:09.521038 #2681]  INFO -- : 0:  rspec-expectations (3.0.4) from /usr/local/lib/ruby/gems/2.1.0/specifications/rspec-expectations-3.0.4.gemspec
I, [2014-08-17T20:17:10.731510 #2681]  INFO -- : 0:  rspec-mocks (3.0.4) from /usr/local/lib/ruby/gems/2.1.0/specifications/rspec-mocks-3.0.4.gemspec
I, [2014-08-17T20:17:10.733243 #2681]  INFO -- : 0:  rspec (3.0.0) from /usr/local/lib/ruby/gems/2.1.0/specifications/rspec-3.0.0.gemspec
I, [2014-08-17T20:17:10.733469 #2681]  INFO -- : 0:  tilt (1.4.1) from /usr/local/lib/ruby/gems/2.1.0/specifications/tilt-1.4.1.gemspec
I, [2014-08-17T20:17:10.733667 #2681]  INFO -- : 0:  sinatra (1.4.5) from /usr/local/lib/ruby/gems/2.1.0/specifications/sinatra-1.4.5.gemspec
I, [2014-08-17T20:17:10.733872 #2681]  INFO -- : 0:  sunra_config (0.0.17) from /usr/local/lib/ruby/gems/2.1.0/specifications/sunra_config-0.0.17.gemspec
I, [2014-08-17T20:17:10.734050 #2681]  INFO -- : 0:  bundler (1.5.1) from /usr/local/lib/ruby/gems/2.1.0/specifications/bundler-1.5.1.gemspec
I, [2014-08-17T20:17:32.114566 #3153]  INFO -- : 0:  diff-lcs (1.2.5) from /usr/local/lib/ruby/gems/2.1.0/specifications/diff-lcs-1.2.5.gemspec
I, [2014-08-17T20:17:32.114809 #3153]  INFO -- : 0:  ffi (1.9.3) from /usr/local/lib/ruby/gems/2.1.0/specifications/ffi-1.9.3.gemspec
I, [2014-08-17T20:17:32.114982 #3153]  INFO -- : 0:  rack (1.5.2) from /usr/local/lib/ruby/gems/2.1.0/specifications/rack-1.5.2.gemspec
I, [2014-08-17T20:17:32.115155 #3153]  INFO -- : 0:  rack-protection (1.5.3) from /usr/local/lib/ruby/gems/2.1.0/specifications/rack-protection-1.5.3.gemspec
I, [2014-08-17T20:17:32.115323 #3153]  INFO -- : 0:  rb-inotify (0.9.5) from /usr/local/lib/ruby/gems/2.1.0/specifications/rb-inotify-0.9.5.gemspec
I, [2014-08-17T20:17:32.115491 #3153]  INFO -- : 0:  rspec-support (3.0.4) from /usr/local/lib/ruby/gems/2.1.0/specifications/rspec-support-3.0.4.gemspec
I, [2014-08-17T20:17:32.115692 #3153]  INFO -- : 0:  rspec-core (3.0.4) from /usr/local/lib/ruby/gems/2.1.0/specifications/rspec-core-3.0.4.gemspec
I, [2014-08-17T20:17:32.115865 #3153]  INFO -- : 0:  rspec-expectations (3.0.4) from /usr/local/lib/ruby/gems/2.1.0/specifications/rspec-expectations-3.0.4.gemspec
I, [2014-08-17T20:17:32.116059 #3153]  INFO -- : 0:  rspec-mocks (3.0.4) from /usr/local/lib/ruby/gems/2.1.0/specifications/rspec-mocks-3.0.4.gemspec
I, [2014-08-17T20:17:32.116219 #3153]  INFO -- : 0:  rspec (3.0.0) from /usr/local/lib/ruby/gems/2.1.0/specifications/rspec-3.0.0.gemspec
I, [2014-08-17T20:17:32.116384 #3153]  INFO -- : 0:  tilt (1.4.1) from /usr/local/lib/ruby/gems/2.1.0/specifications/tilt-1.4.1.gemspec
I, [2014-08-17T20:17:32.116551 #3153]  INFO -- : 0:  sinatra (1.4.5) from /usr/local/lib/ruby/gems/2.1.0/specifications/sinatra-1.4.5.gemspec
I, [2014-08-17T20:17:32.116730 #3153]  INFO -- : 0:  sunra_config (0.0.17) from /usr/local/lib/ruby/gems/2.1.0/specifications/sunra_config-0.0.17.gemspec
I, [2014-08-17T20:17:32.116885 #3153]  INFO -- : 0:  bundler (1.5.1) from /usr/local/lib/ruby/gems/2.1.0/specifications/bundler-1.5.1.gemspec
I, [2014-08-17T23:07:51.260967 #5908]  INFO -- : 0:  diff-lcs (1.2.5) from /usr/local/lib/ruby/gems/2.1.0/specifications/diff-lcs-1.2.5.gemspec
I, [2014-08-17T23:07:51.261208 #5908]  INFO -- : 0:  ffi (1.9.3) from /usr/local/lib/ruby/gems/2.1.0/specifications/ffi-1.9.3.gemspec
I, [2014-08-17T23:07:51.273268 #5908]  INFO -- : 0:  m3uzi (0.5.1) from /home/leej/sunra/sunra_3rdParty/m3uzi/m3uzi.gemspec
I, [2014-08-17T23:07:51.273475 #5908]  INFO -- : 0:  rack (1.5.2) from /usr/local/lib/ruby/gems/2.1.0/specifications/rack-1.5.2.gemspec
I, [2014-08-17T23:07:51.273626 #5908]  INFO -- : 0:  rack-protection (1.5.3) from /usr/local/lib/ruby/gems/2.1.0/specifications/rack-protection-1.5.3.gemspec
I, [2014-08-17T23:07:51.273770 #5908]  INFO -- : 0:  rb-inotify (0.9.5) from /usr/local/lib/ruby/gems/2.1.0/specifications/rb-inotify-0.9.5.gemspec
I, [2014-08-17T23:07:51.273925 #5908]  INFO -- : 0:  rspec-support (3.0.4) from /usr/local/lib/ruby/gems/2.1.0/specifications/rspec-support-3.0.4.gemspec
I, [2014-08-17T23:07:51.274075 #5908]  INFO -- : 0:  rspec-core (3.0.4) from /usr/local/lib/ruby/gems/2.1.0/specifications/rspec-core-3.0.4.gemspec
I, [2014-08-17T23:07:51.274223 #5908]  INFO -- : 0:  rspec-expectations (3.0.4) from /usr/local/lib/ruby/gems/2.1.0/specifications/rspec-expectations-3.0.4.gemspec
I, [2014-08-17T23:07:51.274370 #5908]  INFO -- : 0:  rspec-mocks (3.0.4) from /usr/local/lib/ruby/gems/2.1.0/specifications/rspec-mocks-3.0.4.gemspec
I, [2014-08-17T23:07:51.274508 #5908]  INFO -- : 0:  rspec (3.0.0) from /usr/local/lib/ruby/gems/2.1.0/specifications/rspec-3.0.0.gemspec
I, [2014-08-17T23:07:51.274651 #5908]  INFO -- : 0:  tilt (1.4.1) from /usr/local/lib/ruby/gems/2.1.0/specifications/tilt-1.4.1.gemspec
I, [2014-08-17T23:07:51.274791 #5908]  INFO -- : 0:  sinatra (1.4.5) from /usr/local/lib/ruby/gems/2.1.0/specifications/sinatra-1.4.5.gemspec
I, [2014-08-17T23:07:51.274947 #5908]  INFO -- : 0:  sunra_config (0.0.17) from /usr/local/lib/ruby/gems/2.1.0/specifications/sunra_config-0.0.17.gemspec
I, [2014-08-17T23:07:51.275079 #5908]  INFO -- : 0:  bundler (1.5.1) from /usr/local/lib/ruby/gems/2.1.0/specifications/bundler-1.5.1.gemspec
I, [2014-08-17T23:32:21.947474 #24997]  INFO -- : 0:  diff-lcs (1.2.5) from /usr/local/lib/ruby/gems/2.1.0/specifications/diff-lcs-1.2.5.gemspec
I, [2014-08-17T23:32:21.947766 #24997]  INFO -- : 0:  ffi (1.9.3) from /usr/local/lib/ruby/gems/2.1.0/specifications/ffi-1.9.3.gemspec
I, [2014-08-17T23:32:21.955809 #24997]  INFO -- : 0:  m3uzi (0.5.1) from /home/leej/sunra/sunra_3rdParty/m3uzi/m3uzi.gemspec
I, [2014-08-17T23:32:21.956045 #24997]  INFO -- : 0:  rack (1.5.2) from /usr/local/lib/ruby/gems/2.1.0/specifications/rack-1.5.2.gemspec
I, [2014-08-17T23:32:21.956226 #24997]  INFO -- : 0:  rack-protection (1.5.3) from /usr/local/lib/ruby/gems/2.1.0/specifications/rack-protection-1.5.3.gemspec
I, [2014-08-17T23:32:21.956400 #24997]  INFO -- : 0:  rb-inotify (0.9.5) from /usr/local/lib/ruby/gems/2.1.0/specifications/rb-inotify-0.9.5.gemspec
I, [2014-08-17T23:32:21.956577 #24997]  INFO -- : 0:  rspec-support (3.0.4) from /usr/local/lib/ruby/gems/2.1.0/specifications/rspec-support-3.0.4.gemspec
I, [2014-08-17T23:32:21.956756 #24997]  INFO -- : 0:  rspec-core (3.0.4) from /usr/local/lib/ruby/gems/2.1.0/specifications/rspec-core-3.0.4.gemspec
I, [2014-08-17T23:32:21.956932 #24997]  INFO -- : 0:  rspec-expectations (3.0.4) from /usr/local/lib/ruby/gems/2.1.0/specifications/rspec-expectations-3.0.4.gemspec
I, [2014-08-17T23:32:21.957108 #24997]  INFO -- : 0:  rspec-mocks (3.0.4) from /usr/local/lib/ruby/gems/2.1.0/specifications/rspec-mocks-3.0.4.gemspec
I, [2014-08-17T23:32:21.957276 #24997]  INFO -- : 0:  rspec (3.0.0) from /usr/local/lib/ruby/gems/2.1.0/specifications/rspec-3.0.0.gemspec
I, [2014-08-17T23:32:21.957439 #24997]  INFO -- : 0:  tilt (1.4.1) from /usr/local/lib/ruby/gems/2.1.0/specifications/tilt-1.4.1.gemspec
I, [2014-08-17T23:32:21.957609 #24997]  INFO -- : 0:  sinatra (1.4.5) from /usr/local/lib/ruby/gems/2.1.0/specifications/sinatra-1.4.5.gemspec
I, [2014-08-17T23:32:21.957801 #24997]  INFO -- : 0:  sunra_config (0.0.17) from /usr/local/lib/ruby/gems/2.1.0/specifications/sunra_config-0.0.17.gemspec
I, [2014-08-17T23:32:21.957963 #24997]  INFO -- : 0:  bundler (1.5.1) from /usr/local/lib/ruby/gems/2.1.0/specifications/bundler-1.5.1.gemspec
I, [2014-08-17T23:32:55.122483 #25582]  INFO -- : 0:  diff-lcs (1.2.5) from /usr/local/lib/ruby/gems/2.1.0/specifications/diff-lcs-1.2.5.gemspec
I, [2014-08-17T23:32:55.122752 #25582]  INFO -- : 0:  ffi (1.9.3) from /usr/local/lib/ruby/gems/2.1.0/specifications/ffi-1.9.3.gemspec
I, [2014-08-17T23:32:55.142854 #25582]  INFO -- : 0:  m3uzi (0.5.1) from /home/leej/sunra/sunra_3rdParty/m3uzi/m3uzi.gemspec
I, [2014-08-17T23:32:55.143150 #25582]  INFO -- : 0:  rack (1.5.2) from /usr/local/lib/ruby/gems/2.1.0/specifications/rack-1.5.2.gemspec
I, [2014-08-17T23:32:55.143350 #25582]  INFO -- : 0:  rack-protection (1.5.3) from /usr/local/lib/ruby/gems/2.1.0/specifications/rack-protection-1.5.3.gemspec
I, [2014-08-17T23:32:55.143549 #25582]  INFO -- : 0:  rb-inotify (0.9.5) from /usr/local/lib/ruby/gems/2.1.0/specifications/rb-inotify-0.9.5.gemspec
I, [2014-08-17T23:32:55.143746 #25582]  INFO -- : 0:  rspec-support (3.0.4) from /usr/local/lib/ruby/gems/2.1.0/specifications/rspec-support-3.0.4.gemspec
I, [2014-08-17T23:32:55.143952 #25582]  INFO -- : 0:  rspec-core (3.0.4) from /usr/local/lib/ruby/gems/2.1.0/specifications/rspec-core-3.0.4.gemspec
I, [2014-08-17T23:32:55.144157 #25582]  INFO -- : 0:  rspec-expectations (3.0.4) from /usr/local/lib/ruby/gems/2.1.0/specifications/rspec-expectations-3.0.4.gemspec
I, [2014-08-17T23:32:55.144344 #25582]  INFO -- : 0:  rspec-mocks (3.0.4) from /usr/local/lib/ruby/gems/2.1.0/specifications/rspec-mocks-3.0.4.gemspec
I, [2014-08-17T23:32:55.144534 #25582]  INFO -- : 0:  rspec (3.0.0) from /usr/local/lib/ruby/gems/2.1.0/specifications/rspec-3.0.0.gemspec
I, [2014-08-17T23:32:55.144729 #25582]  INFO -- : 0:  tilt (1.4.1) from /usr/local/lib/ruby/gems/2.1.0/specifications/tilt-1.4.1.gemspec
I, [2014-08-17T23:32:55.144908 #25582]  INFO -- : 0:  sinatra (1.4.5) from /usr/local/lib/ruby/gems/2.1.0/specifications/sinatra-1.4.5.gemspec
I, [2014-08-17T23:32:55.145126 #25582]  INFO -- : 0:  sunra_config (0.0.17) from /usr/local/lib/ruby/gems/2.1.0/specifications/sunra_config-0.0.17.gemspec
I, [2014-08-17T23:32:55.145283 #25582]  INFO -- : 0:  bundler (1.5.1) from /usr/local/lib/ruby/gems/2.1.0/specifications/bundler-1.5.1.gemspec
I, [2014-08-17T23:33:05.833028 #25662]  INFO -- : 0:  diff-lcs (1.2.5) from /usr/local/lib/ruby/gems/2.1.0/specifications/diff-lcs-1.2.5.gemspec
I, [2014-08-17T23:33:05.833279 #25662]  INFO -- : 0:  ffi (1.9.3) from /usr/local/lib/ruby/gems/2.1.0/specifications/ffi-1.9.3.gemspec
I, [2014-08-17T23:33:05.841181 #25662]  INFO -- : 0:  m3uzi (0.5.1) from /home/leej/sunra/sunra_3rdParty/m3uzi/m3uzi.gemspec
I, [2014-08-17T23:33:05.841398 #25662]  INFO -- : 0:  rack (1.5.2) from /usr/local/lib/ruby/gems/2.1.0/specifications/rack-1.5.2.gemspec
I, [2014-08-17T23:33:05.841577 #25662]  INFO -- : 0:  rack-protection (1.5.3) from /usr/local/lib/ruby/gems/2.1.0/specifications/rack-protection-1.5.3.gemspec
I, [2014-08-17T23:33:05.841746 #25662]  INFO -- : 0:  rb-inotify (0.9.5) from /usr/local/lib/ruby/gems/2.1.0/specifications/rb-inotify-0.9.5.gemspec
I, [2014-08-17T23:33:05.841916 #25662]  INFO -- : 0:  rspec-support (3.0.4) from /usr/local/lib/ruby/gems/2.1.0/specifications/rspec-support-3.0.4.gemspec
I, [2014-08-17T23:33:05.842084 #25662]  INFO -- : 0:  rspec-core (3.0.4) from /usr/local/lib/ruby/gems/2.1.0/specifications/rspec-core-3.0.4.gemspec
I, [2014-08-17T23:33:05.842254 #25662]  INFO -- : 0:  rspec-expectations (3.0.4) from /usr/local/lib/ruby/gems/2.1.0/specifications/rspec-expectations-3.0.4.gemspec
I, [2014-08-17T23:33:05.842422 #25662]  INFO -- : 0:  rspec-mocks (3.0.4) from /usr/local/lib/ruby/gems/2.1.0/specifications/rspec-mocks-3.0.4.gemspec
I, [2014-08-17T23:33:05.842581 #25662]  INFO -- : 0:  rspec (3.0.0) from /usr/local/lib/ruby/gems/2.1.0/specifications/rspec-3.0.0.gemspec
I, [2014-08-17T23:33:05.842743 #25662]  INFO -- : 0:  tilt (1.4.1) from /usr/local/lib/ruby/gems/2.1.0/specifications/tilt-1.4.1.gemspec
I, [2014-08-17T23:33:05.842904 #25662]  INFO -- : 0:  sinatra (1.4.5) from /usr/local/lib/ruby/gems/2.1.0/specifications/sinatra-1.4.5.gemspec
I, [2014-08-17T23:33:05.843085 #25662]  INFO -- : 0:  sunra_config (0.0.17) from /usr/local/lib/ruby/gems/2.1.0/specifications/sunra_config-0.0.17.gemspec
I, [2014-08-17T23:33:05.843239 #25662]  INFO -- : 0:  bundler (1.5.1) from /usr/local/lib/ruby/gems/2.1.0/specifications/bundler-1.5.1.gemspec
I, [2014-08-17T23:38:30.267235 #31779]  INFO -- : 0:  diff-lcs (1.2.5) from /usr/local/lib/ruby/gems/2.1.0/specifications/diff-lcs-1.2.5.gemspec
I, [2014-08-17T23:38:30.267473 #31779]  INFO -- : 0:  ffi (1.9.3) from /usr/local/lib/ruby/gems/2.1.0/specifications/ffi-1.9.3.gemspec
I, [2014-08-17T23:38:30.267704 #31779]  INFO -- : 0:  m3uzi (0.5.1) from /usr/local/lib/ruby/gems/2.1.0/specifications/m3uzi-0.5.1.gemspec
I, [2014-08-17T23:38:30.267883 #31779]  INFO -- : 0:  rack (1.5.2) from /usr/local/lib/ruby/gems/2.1.0/specifications/rack-1.5.2.gemspec
I, [2014-08-17T23:38:30.268054 #31779]  INFO -- : 0:  rack-protection (1.5.3) from /usr/local/lib/ruby/gems/2.1.0/specifications/rack-protection-1.5.3.gemspec
I, [2014-08-17T23:38:30.268221 #31779]  INFO -- : 0:  rb-inotify (0.9.5) from /usr/local/lib/ruby/gems/2.1.0/specifications/rb-inotify-0.9.5.gemspec
I, [2014-08-17T23:38:30.268389 #31779]  INFO -- : 0:  rspec-support (3.0.4) from /usr/local/lib/ruby/gems/2.1.0/specifications/rspec-support-3.0.4.gemspec
I, [2014-08-17T23:38:30.268560 #31779]  INFO -- : 0:  rspec-core (3.0.4) from /usr/local/lib/ruby/gems/2.1.0/specifications/rspec-core-3.0.4.gemspec
I, [2014-08-17T23:38:30.268729 #31779]  INFO -- : 0:  rspec-expectations (3.0.4) from /usr/local/lib/ruby/gems/2.1.0/specifications/rspec-expectations-3.0.4.gemspec
I, [2014-08-17T23:38:30.268896 #31779]  INFO -- : 0:  rspec-mocks (3.0.4) from /usr/local/lib/ruby/gems/2.1.0/specifications/rspec-mocks-3.0.4.gemspec
I, [2014-08-17T23:38:30.269053 #31779]  INFO -- : 0:  rspec (3.0.0) from /usr/local/lib/ruby/gems/2.1.0/specifications/rspec-3.0.0.gemspec
I, [2014-08-17T23:38:30.269219 #31779]  INFO -- : 0:  tilt (1.4.1) from /usr/local/lib/ruby/gems/2.1.0/specifications/tilt-1.4.1.gemspec
I, [2014-08-17T23:38:30.269383 #31779]  INFO -- : 0:  sinatra (1.4.5) from /usr/local/lib/ruby/gems/2.1.0/specifications/sinatra-1.4.5.gemspec
I, [2014-08-17T23:38:30.269559 #31779]  INFO -- : 0:  sunra_config (0.0.17) from /usr/local/lib/ruby/gems/2.1.0/specifications/sunra_config-0.0.17.gemspec
I, [2014-08-17T23:38:30.269723 #31779]  INFO -- : 0:  bundler (1.5.1) from /usr/local/lib/ruby/gems/2.1.0/specifications/bundler-1.5.1.gemspec
I, [2014-08-18T00:51:15.633992 #11792]  INFO -- : 0:  diff-lcs (1.2.5) from /usr/local/lib/ruby/gems/2.1.0/specifications/diff-lcs-1.2.5.gemspec
I, [2014-08-18T00:51:15.634259 #11792]  INFO -- : 0:  ffi (1.9.3) from /usr/local/lib/ruby/gems/2.1.0/specifications/ffi-1.9.3.gemspec
I, [2014-08-18T00:51:15.634421 #11792]  INFO -- : 0:  m3uzi (0.5.1) from /usr/local/lib/ruby/gems/2.1.0/specifications/m3uzi-0.5.1.gemspec
I, [2014-08-18T00:51:15.634581 #11792]  INFO -- : 0:  rack (1.5.2) from /usr/local/lib/ruby/gems/2.1.0/specifications/rack-1.5.2.gemspec
I, [2014-08-18T00:51:15.634737 #11792]  INFO -- : 0:  rack-protection (1.5.3) from /usr/local/lib/ruby/gems/2.1.0/specifications/rack-protection-1.5.3.gemspec
I, [2014-08-18T00:51:15.634897 #11792]  INFO -- : 0:  rb-inotify (0.9.5) from /usr/local/lib/ruby/gems/2.1.0/specifications/rb-inotify-0.9.5.gemspec
I, [2014-08-18T00:51:15.635057 #11792]  INFO -- : 0:  rspec-support (3.0.4) from /usr/local/lib/ruby/gems/2.1.0/specifications/rspec-support-3.0.4.gemspec
I, [2014-08-18T00:51:15.635223 #11792]  INFO -- : 0:  rspec-core (3.0.4) from /usr/local/lib/ruby/gems/2.1.0/specifications/rspec-core-3.0.4.gemspec
I, [2014-08-18T00:51:15.635386 #11792]  INFO -- : 0:  rspec-expectations (3.0.4) from /usr/local/lib/ruby/gems/2.1.0/specifications/rspec-expectations-3.0.4.gemspec
I, [2014-08-18T00:51:15.635580 #11792]  INFO -- : 0:  rspec-mocks (3.0.4) from /usr/local/lib/ruby/gems/2.1.0/specifications/rspec-mocks-3.0.4.gemspec
I, [2014-08-18T00:51:15.635735 #11792]  INFO -- : 0:  rspec (3.0.0) from /usr/local/lib/ruby/gems/2.1.0/specifications/rspec-3.0.0.gemspec
I, [2014-08-18T00:51:15.635897 #11792]  INFO -- : 0:  tilt (1.4.1) from /usr/local/lib/ruby/gems/2.1.0/specifications/tilt-1.4.1.gemspec
I, [2014-08-18T00:51:15.636051 #11792]  INFO -- : 0:  sinatra (1.4.5) from /usr/local/lib/ruby/gems/2.1.0/specifications/sinatra-1.4.5.gemspec
I, [2014-08-18T00:51:15.636218 #11792]  INFO -- : 0:  sunra_config (0.0.19) from /usr/local/lib/ruby/gems/2.1.0/specifications/sunra_config-0.0.19.gemspec
I, [2014-08-18T00:51:15.636366 #11792]  INFO -- : 0:  bundler (1.5.1) from /usr/local/lib/ruby/gems/2.1.0/specifications/bundler-1.5.1.gemspec
I, [2014-08-18T10:46:54.814655 #15551]  INFO -- : 0:  diff-lcs (1.2.5) from /usr/local/lib/ruby/gems/2.1.0/specifications/diff-lcs-1.2.5.gemspec
I, [2014-08-18T10:46:54.814936 #15551]  INFO -- : 0:  ffi (1.9.3) from /usr/local/lib/ruby/gems/2.1.0/specifications/ffi-1.9.3.gemspec
I, [2014-08-18T10:46:54.815119 #15551]  INFO -- : 0:  m3uzi (0.5.2) from /usr/local/lib/ruby/gems/2.1.0/specifications/m3uzi-0.5.2.gemspec
I, [2014-08-18T10:46:54.815302 #15551]  INFO -- : 0:  rack (1.5.2) from /usr/local/lib/ruby/gems/2.1.0/specifications/rack-1.5.2.gemspec
I, [2014-08-18T10:46:54.815472 #15551]  INFO -- : 0:  rack-protection (1.5.3) from /usr/local/lib/ruby/gems/2.1.0/specifications/rack-protection-1.5.3.gemspec
I, [2014-08-18T10:46:54.815641 #15551]  INFO -- : 0:  rb-inotify (0.9.5) from /usr/local/lib/ruby/gems/2.1.0/specifications/rb-inotify-0.9.5.gemspec
I, [2014-08-18T10:46:54.815808 #15551]  INFO -- : 0:  rspec-support (3.0.4) from /usr/local/lib/ruby/gems/2.1.0/specifications/rspec-support-3.0.4.gemspec
I, [2014-08-18T10:46:54.815981 #15551]  INFO -- : 0:  rspec-core (3.0.4) from /usr/local/lib/ruby/gems/2.1.0/specifications/rspec-core-3.0.4.gemspec
I, [2014-08-18T10:46:54.816147 #15551]  INFO -- : 0:  rspec-expectations (3.0.4) from /usr/local/lib/ruby/gems/2.1.0/specifications/rspec-expectations-3.0.4.gemspec
I, [2014-08-18T10:46:54.816320 #15551]  INFO -- : 0:  rspec-mocks (3.0.4) from /usr/local/lib/ruby/gems/2.1.0/specifications/rspec-mocks-3.0.4.gemspec
I, [2014-08-18T10:46:54.816486 #15551]  INFO -- : 0:  rspec (3.0.0) from /usr/local/lib/ruby/gems/2.1.0/specifications/rspec-3.0.0.gemspec
I, [2014-08-18T10:46:54.816654 #15551]  INFO -- : 0:  tilt (1.4.1) from /usr/local/lib/ruby/gems/2.1.0/specifications/tilt-1.4.1.gemspec
I, [2014-08-18T10:46:54.816820 #15551]  INFO -- : 0:  sinatra (1.4.5) from /usr/local/lib/ruby/gems/2.1.0/specifications/sinatra-1.4.5.gemspec
I, [2014-08-18T10:46:54.817001 #15551]  INFO -- : 0:  sunra_config (0.0.19) from /usr/local/lib/ruby/gems/2.1.0/specifications/sunra_config-0.0.19.gemspec
I, [2014-08-18T10:46:54.817159 #15551]  INFO -- : 0:  bundler (1.5.1) from /usr/local/lib/ruby/gems/2.1.0/specifications/bundler-1.5.1.gemspec
I, [2014-09-10T21:01:30.657336 #14558]  INFO -- : 0:  diff-lcs (1.2.5) from /usr/local/lib/ruby/gems/2.1.0/specifications/diff-lcs-1.2.5.gemspec
I, [2014-09-10T21:01:30.683819 #14558]  INFO -- : 0:  ffi (1.9.3) from /usr/local/lib/ruby/gems/2.1.0/specifications/ffi-1.9.3.gemspec
I, [2014-09-10T21:01:30.684162 #14558]  INFO -- : 0:  m3uzi (0.5.2) from /usr/local/lib/ruby/gems/2.1.0/specifications/m3uzi-0.5.2.gemspec
I, [2014-09-10T21:01:30.684484 #14558]  INFO -- : 0:  rack (1.5.2) from /usr/local/lib/ruby/gems/2.1.0/specifications/rack-1.5.2.gemspec
I, [2014-09-10T21:01:30.684780 #14558]  INFO -- : 0:  rack-protection (1.5.3) from /usr/local/lib/ruby/gems/2.1.0/specifications/rack-protection-1.5.3.gemspec
I, [2014-09-10T21:01:30.685069 #14558]  INFO -- : 0:  rb-inotify (0.9.5) from /usr/local/lib/ruby/gems/2.1.0/specifications/rb-inotify-0.9.5.gemspec
I, [2014-09-10T21:01:30.685360 #14558]  INFO -- : 0:  rspec-support (3.1.0) from /usr/local/lib/ruby/gems/2.1.0/specifications/rspec-support-3.1.0.gemspec
I, [2014-09-10T21:01:30.685655 #14558]  INFO -- : 0:  rspec-core (3.1.2) from /usr/local/lib/ruby/gems/2.1.0/specifications/rspec-core-3.1.2.gemspec
I, [2014-09-10T21:01:30.685972 #14558]  INFO -- : 0:  rspec-expectations (3.1.0) from /usr/local/lib/ruby/gems/2.1.0/specifications/rspec-expectations-3.1.0.gemspec
I, [2014-09-10T21:01:30.686269 #14558]  INFO -- : 0:  rspec-mocks (3.1.0) from /usr/local/lib/ruby/gems/2.1.0/specifications/rspec-mocks-3.1.0.gemspec
I, [2014-09-10T21:01:30.686546 #14558]  INFO -- : 0:  rspec (3.1.0) from /usr/local/lib/ruby/gems/2.1.0/specifications/rspec-3.1.0.gemspec
I, [2014-09-10T21:01:30.686822 #14558]  INFO -- : 0:  tilt (1.4.1) from /usr/local/lib/ruby/gems/2.1.0/specifications/tilt-1.4.1.gemspec
I, [2014-09-10T21:01:30.687134 #14558]  INFO -- : 0:  sinatra (1.4.5) from /usr/local/lib/ruby/gems/2.1.0/specifications/sinatra-1.4.5.gemspec
I, [2014-09-10T21:01:30.687444 #14558]  INFO -- : 0:  sunra_config (0.0.19) from /usr/local/lib/ruby/gems/2.1.0/specifications/sunra_config-0.0.19.gemspec
I, [2014-09-10T21:01:30.687704 #14558]  INFO -- : 0:  bundler (1.5.1) from /usr/local/lib/ruby/gems/2.1.0/specifications/bundler-1.5.1.gemspec
I, [2014-09-15T18:46:42.533471 #1472]  INFO -- : 0:  diff-lcs (1.2.5) from /usr/local/lib/ruby/gems/2.1.0/specifications/diff-lcs-1.2.5.gemspec
I, [2014-09-15T18:46:42.533726 #1472]  INFO -- : 0:  ffi (1.9.3) from /usr/local/lib/ruby/gems/2.1.0/specifications/ffi-1.9.3.gemspec
I, [2014-09-15T18:46:42.533912 #1472]  INFO -- : 0:  m3uzi (0.5.2) from /usr/local/lib/ruby/gems/2.1.0/specifications/m3uzi-0.5.2.gemspec
I, [2014-09-15T18:46:42.534086 #1472]  INFO -- : 0:  rack (1.5.2) from /usr/local/lib/ruby/gems/2.1.0/specifications/rack-1.5.2.gemspec
I, [2014-09-15T18:46:42.534268 #1472]  INFO -- : 0:  rack-protection (1.5.3) from /usr/local/lib/ruby/gems/2.1.0/specifications/rack-protection-1.5.3.gemspec
I, [2014-09-15T18:46:42.534444 #1472]  INFO -- : 0:  rb-inotify (0.9.5) from /usr/local/lib/ruby/gems/2.1.0/specifications/rb-inotify-0.9.5.gemspec
I, [2014-09-15T18:46:42.534622 #1472]  INFO -- : 0:  rspec-support (3.1.0) from /usr/local/lib/ruby/gems/2.1.0/specifications/rspec-support-3.1.0.gemspec
I, [2014-09-15T18:46:42.534801 #1472]  INFO -- : 0:  rspec-core (3.1.2) from /usr/local/lib/ruby/gems/2.1.0/specifications/rspec-core-3.1.2.gemspec
I, [2014-09-15T18:46:42.535001 #1472]  INFO -- : 0:  rspec-expectations (3.1.0) from /usr/local/lib/ruby/gems/2.1.0/specifications/rspec-expectations-3.1.0.gemspec
I, [2014-09-15T18:46:42.535171 #1472]  INFO -- : 0:  rspec-mocks (3.1.0) from /usr/local/lib/ruby/gems/2.1.0/specifications/rspec-mocks-3.1.0.gemspec
I, [2014-09-15T18:46:42.535341 #1472]  INFO -- : 0:  rspec (3.1.0) from /usr/local/lib/ruby/gems/2.1.0/specifications/rspec-3.1.0.gemspec
I, [2014-09-15T18:46:42.535510 #1472]  INFO -- : 0:  tilt (1.4.1) from /usr/local/lib/ruby/gems/2.1.0/specifications/tilt-1.4.1.gemspec
I, [2014-09-15T18:46:42.535690 #1472]  INFO -- : 0:  sinatra (1.4.5) from /usr/local/lib/ruby/gems/2.1.0/specifications/sinatra-1.4.5.gemspec
I, [2014-09-15T18:46:42.535877 #1472]  INFO -- : 0:  sunra_config (0.0.19) from /usr/local/lib/ruby/gems/2.1.0/specifications/sunra_config-0.0.19.gemspec
I, [2014-09-15T18:46:42.536046 #1472]  INFO -- : 0:  sunra_logging (0.0.3) from /usr/local/lib/ruby/gems/2.1.0/specifications/sunra_logging-0.0.3.gemspec
I, [2014-09-15T18:46:42.536205 #1472]  INFO -- : 0:  bundler (1.5.1) from /usr/local/lib/ruby/gems/2.1.0/specifications/bundler-1.5.1.gemspec
I, [2014-09-15T21:21:37.584774 #1654]  INFO -- : 0:  diff-lcs (1.2.5) from /usr/local/lib/ruby/gems/2.1.0/specifications/diff-lcs-1.2.5.gemspec
I, [2014-09-15T21:21:37.585055 #1654]  INFO -- : 0:  ffi (1.9.3) from /usr/local/lib/ruby/gems/2.1.0/specifications/ffi-1.9.3.gemspec
I, [2014-09-15T21:21:37.585249 #1654]  INFO -- : 0:  m3uzi2 (1.0.0) from /usr/local/lib/ruby/gems/2.1.0/specifications/m3uzi2-1.0.0.gemspec
I, [2014-09-15T21:21:37.585439 #1654]  INFO -- : 0:  rack (1.5.2) from /usr/local/lib/ruby/gems/2.1.0/specifications/rack-1.5.2.gemspec
I, [2014-09-15T21:21:37.585628 #1654]  INFO -- : 0:  rack-protection (1.5.3) from /usr/local/lib/ruby/gems/2.1.0/specifications/rack-protection-1.5.3.gemspec
I, [2014-09-15T21:21:37.585812 #1654]  INFO -- : 0:  rb-inotify (0.9.5) from /usr/local/lib/ruby/gems/2.1.0/specifications/rb-inotify-0.9.5.gemspec
I, [2014-09-15T21:21:37.585986 #1654]  INFO -- : 0:  rspec-support (3.1.0) from /usr/local/lib/ruby/gems/2.1.0/specifications/rspec-support-3.1.0.gemspec
I, [2014-09-15T21:21:52.629689 #1654]  INFO -- : 0:  rspec-core (3.1.3) from /usr/local/lib/ruby/gems/2.1.0/specifications/rspec-core-3.1.3.gemspec
I, [2014-09-15T21:21:53.800384 #1654]  INFO -- : 0:  rspec-expectations (3.1.1) from /usr/local/lib/ruby/gems/2.1.0/specifications/rspec-expectations-3.1.1.gemspec
I, [2014-09-15T21:21:53.804710 #1654]  INFO -- : 0:  rspec-mocks (3.1.0) from /usr/local/lib/ruby/gems/2.1.0/specifications/rspec-mocks-3.1.0.gemspec
I, [2014-09-15T21:21:53.804945 #1654]  INFO -- : 0:  rspec (3.1.0) from /usr/local/lib/ruby/gems/2.1.0/specifications/rspec-3.1.0.gemspec
I, [2014-09-15T21:21:53.805131 #1654]  INFO -- : 0:  tilt (1.4.1) from /usr/local/lib/ruby/gems/2.1.0/specifications/tilt-1.4.1.gemspec
I, [2014-09-15T21:21:53.805309 #1654]  INFO -- : 0:  sinatra (1.4.5) from /usr/local/lib/ruby/gems/2.1.0/specifications/sinatra-1.4.5.gemspec
I, [2014-09-15T21:21:53.805507 #1654]  INFO -- : 0:  sunra_config (0.0.19) from /usr/local/lib/ruby/gems/2.1.0/specifications/sunra_config-0.0.19.gemspec
I, [2014-09-15T21:21:53.805692 #1654]  INFO -- : 0:  sunra_logging (0.0.4) from /usr/local/lib/ruby/gems/2.1.0/specifications/sunra_logging-0.0.4.gemspec
I, [2014-09-15T21:21:53.805859 #1654]  INFO -- : 0:  bundler (1.5.1) from /usr/local/lib/ruby/gems/2.1.0/specifications/bundler-1.5.1.gemspec
I, [2014-09-15T23:01:14.663538 #24192]  INFO -- : 0:  diff-lcs (1.2.5) from /usr/local/lib/ruby/gems/2.1.0/specifications/diff-lcs-1.2.5.gemspec
I, [2014-09-15T23:01:14.663835 #24192]  INFO -- : 0:  ffi (1.9.3) from /usr/local/lib/ruby/gems/2.1.0/specifications/ffi-1.9.3.gemspec
I, [2014-09-15T23:01:14.664027 #24192]  INFO -- : 0:  m3uzi2 (1.0.0) from /usr/local/lib/ruby/gems/2.1.0/specifications/m3uzi2-1.0.0.gemspec
I, [2014-09-15T23:01:14.664244 #24192]  INFO -- : 0:  rack (1.5.2) from /usr/local/lib/ruby/gems/2.1.0/specifications/rack-1.5.2.gemspec
I, [2014-09-15T23:01:14.664430 #24192]  INFO -- : 0:  rack-protection (1.5.3) from /usr/local/lib/ruby/gems/2.1.0/specifications/rack-protection-1.5.3.gemspec
I, [2014-09-15T23:01:14.664608 #24192]  INFO -- : 0:  rb-inotify (0.9.5) from /usr/local/lib/ruby/gems/2.1.0/specifications/rb-inotify-0.9.5.gemspec
I, [2014-09-15T23:01:14.664806 #24192]  INFO -- : 0:  rspec-support (3.1.0) from /usr/local/lib/ruby/gems/2.1.0/specifications/rspec-support-3.1.0.gemspec
I, [2014-09-15T23:01:14.664987 #24192]  INFO -- : 0:  rspec-core (3.1.3) from /usr/local/lib/ruby/gems/2.1.0/specifications/rspec-core-3.1.3.gemspec
I, [2014-09-15T23:01:14.665170 #24192]  INFO -- : 0:  rspec-expectations (3.1.1) from /usr/local/lib/ruby/gems/2.1.0/specifications/rspec-expectations-3.1.1.gemspec
I, [2014-09-15T23:01:14.665355 #24192]  INFO -- : 0:  rspec-mocks (3.1.0) from /usr/local/lib/ruby/gems/2.1.0/specifications/rspec-mocks-3.1.0.gemspec
I, [2014-09-15T23:01:14.665533 #24192]  INFO -- : 0:  rspec (3.1.0) from /usr/local/lib/ruby/gems/2.1.0/specifications/rspec-3.1.0.gemspec
I, [2014-09-15T23:01:14.665713 #24192]  INFO -- : 0:  tilt (1.4.1) from /usr/local/lib/ruby/gems/2.1.0/specifications/tilt-1.4.1.gemspec
I, [2014-09-15T23:01:14.665889 #24192]  INFO -- : 0:  sinatra (1.4.5) from /usr/local/lib/ruby/gems/2.1.0/specifications/sinatra-1.4.5.gemspec
I, [2014-09-15T23:01:14.666082 #24192]  INFO -- : 0:  sunra_config (0.0.19) from /usr/local/lib/ruby/gems/2.1.0/specifications/sunra_config-0.0.19.gemspec
I, [2014-09-15T23:01:14.666259 #24192]  INFO -- : 0:  sunra_logging (0.0.4) from /usr/local/lib/ruby/gems/2.1.0/specifications/sunra_logging-0.0.4.gemspec
I, [2014-09-15T23:01:14.666431 #24192]  INFO -- : 0:  bundler (1.5.1) from /usr/local/lib/ruby/gems/2.1.0/specifications/bundler-1.5.1.gemspec
I, [2014-09-15T23:19:21.757819 #27363]  INFO -- : 0:  diff-lcs (1.2.5) from /usr/local/lib/ruby/gems/2.1.0/specifications/diff-lcs-1.2.5.gemspec
I, [2014-09-15T23:19:21.758074 #27363]  INFO -- : 0:  ffi (1.9.3) from /usr/local/lib/ruby/gems/2.1.0/specifications/ffi-1.9.3.gemspec
I, [2014-09-15T23:19:21.758262 #27363]  INFO -- : 0:  m3uzi2 (1.0.0) from /usr/local/lib/ruby/gems/2.1.0/specifications/m3uzi2-1.0.0.gemspec
I, [2014-09-15T23:19:21.758443 #27363]  INFO -- : 0:  rack (1.5.2) from /usr/local/lib/ruby/gems/2.1.0/specifications/rack-1.5.2.gemspec
I, [2014-09-15T23:19:21.758628 #27363]  INFO -- : 0:  rack-protection (1.5.3) from /usr/local/lib/ruby/gems/2.1.0/specifications/rack-protection-1.5.3.gemspec
I, [2014-09-15T23:19:21.758806 #27363]  INFO -- : 0:  rb-inotify (0.9.5) from /usr/local/lib/ruby/gems/2.1.0/specifications/rb-inotify-0.9.5.gemspec
I, [2014-09-15T23:19:21.758995 #27363]  INFO -- : 0:  rspec-support (3.1.0) from /usr/local/lib/ruby/gems/2.1.0/specifications/rspec-support-3.1.0.gemspec
I, [2014-09-15T23:19:21.759177 #27363]  INFO -- : 0:  rspec-core (3.1.3) from /usr/local/lib/ruby/gems/2.1.0/specifications/rspec-core-3.1.3.gemspec
I, [2014-09-15T23:19:21.759367 #27363]  INFO -- : 0:  rspec-expectations (3.1.1) from /usr/local/lib/ruby/gems/2.1.0/specifications/rspec-expectations-3.1.1.gemspec
I, [2014-09-15T23:19:21.759556 #27363]  INFO -- : 0:  rspec-mocks (3.1.0) from /usr/local/lib/ruby/gems/2.1.0/specifications/rspec-mocks-3.1.0.gemspec
I, [2014-09-15T23:19:21.759735 #27363]  INFO -- : 0:  rspec (3.1.0) from /usr/local/lib/ruby/gems/2.1.0/specifications/rspec-3.1.0.gemspec
I, [2014-09-15T23:19:21.759918 #27363]  INFO -- : 0:  tilt (1.4.1) from /usr/local/lib/ruby/gems/2.1.0/specifications/tilt-1.4.1.gemspec
I, [2014-09-15T23:19:21.760112 #27363]  INFO -- : 0:  sinatra (1.4.5) from /usr/local/lib/ruby/gems/2.1.0/specifications/sinatra-1.4.5.gemspec
I, [2014-09-15T23:19:21.760311 #27363]  INFO -- : 0:  sunra_config (0.0.19) from /usr/local/lib/ruby/gems/2.1.0/specifications/sunra_config-0.0.19.gemspec
I, [2014-09-15T23:19:21.760493 #27363]  INFO -- : 0:  sunra_logging (0.0.4) from /usr/local/lib/ruby/gems/2.1.0/specifications/sunra_logging-0.0.4.gemspec
I, [2014-09-15T23:19:21.760666 #27363]  INFO -- : 0:  bundler (1.5.1) from /usr/local/lib/ruby/gems/2.1.0/specifications/bundler-1.5.1.gemspec
I, [2014-09-15T23:20:16.036226 #27655]  INFO -- : 0:  diff-lcs (1.2.5) from /usr/local/lib/ruby/gems/2.1.0/specifications/diff-lcs-1.2.5.gemspec
I, [2014-09-15T23:20:16.036474 #27655]  INFO -- : 0:  ffi (1.9.3) from /usr/local/lib/ruby/gems/2.1.0/specifications/ffi-1.9.3.gemspec
I, [2014-09-15T23:20:16.036652 #27655]  INFO -- : 0:  m3uzi2 (1.0.0) from /usr/local/lib/ruby/gems/2.1.0/specifications/m3uzi2-1.0.0.gemspec
I, [2014-09-15T23:20:16.036824 #27655]  INFO -- : 0:  rack (1.5.2) from /usr/local/lib/ruby/gems/2.1.0/specifications/rack-1.5.2.gemspec
I, [2014-09-15T23:20:16.037002 #27655]  INFO -- : 0:  rack-protection (1.5.3) from /usr/local/lib/ruby/gems/2.1.0/specifications/rack-protection-1.5.3.gemspec
I, [2014-09-15T23:20:16.037172 #27655]  INFO -- : 0:  rb-inotify (0.9.5) from /usr/local/lib/ruby/gems/2.1.0/specifications/rb-inotify-0.9.5.gemspec
I, [2014-09-15T23:20:16.037348 #27655]  INFO -- : 0:  rspec-support (3.1.0) from /usr/local/lib/ruby/gems/2.1.0/specifications/rspec-support-3.1.0.gemspec
I, [2014-09-15T23:20:16.037585 #27655]  INFO -- : 0:  rspec-core (3.1.3) from /usr/local/lib/ruby/gems/2.1.0/specifications/rspec-core-3.1.3.gemspec
I, [2014-09-15T23:20:16.037762 #27655]  INFO -- : 0:  rspec-expectations (3.1.1) from /usr/local/lib/ruby/gems/2.1.0/specifications/rspec-expectations-3.1.1.gemspec
I, [2014-09-15T23:20:16.037945 #27655]  INFO -- : 0:  rspec-mocks (3.1.0) from /usr/local/lib/ruby/gems/2.1.0/specifications/rspec-mocks-3.1.0.gemspec
I, [2014-09-15T23:20:16.038119 #27655]  INFO -- : 0:  rspec (3.1.0) from /usr/local/lib/ruby/gems/2.1.0/specifications/rspec-3.1.0.gemspec
I, [2014-09-15T23:20:16.038291 #27655]  INFO -- : 0:  tilt (1.4.1) from /usr/local/lib/ruby/gems/2.1.0/specifications/tilt-1.4.1.gemspec
I, [2014-09-15T23:20:16.038469 #27655]  INFO -- : 0:  sinatra (1.4.5) from /usr/local/lib/ruby/gems/2.1.0/specifications/sinatra-1.4.5.gemspec
I, [2014-09-15T23:20:16.038659 #27655]  INFO -- : 0:  sunra_config (0.0.19) from /usr/local/lib/ruby/gems/2.1.0/specifications/sunra_config-0.0.19.gemspec
I, [2014-09-15T23:20:16.038831 #27655]  INFO -- : 0:  sunra_logging (0.0.4) from /usr/local/lib/ruby/gems/2.1.0/specifications/sunra_logging-0.0.4.gemspec
I, [2014-09-15T23:20:16.039000 #27655]  INFO -- : 0:  bundler (1.5.1) from /usr/local/lib/ruby/gems/2.1.0/specifications/bundler-1.5.1.gemspec
I, [2014-09-19T21:15:35.476867 #9058]  INFO -- : 0:  diff-lcs (1.2.5) from /usr/local/lib/ruby/gems/2.1.0/specifications/diff-lcs-1.2.5.gemspec
I, [2014-09-19T21:15:35.538421 #9058]  INFO -- : 0:  ffi (1.9.3) from /usr/local/lib/ruby/gems/2.1.0/specifications/ffi-1.9.3.gemspec
I, [2014-09-19T21:15:35.538668 #9058]  INFO -- : 0:  m3uzi2 (1.0.0) from /usr/local/lib/ruby/gems/2.1.0/specifications/m3uzi2-1.0.0.gemspec
I, [2014-09-19T21:15:35.538851 #9058]  INFO -- : 0:  rack (1.5.2) from /usr/local/lib/ruby/gems/2.1.0/specifications/rack-1.5.2.gemspec
I, [2014-09-19T21:15:35.539042 #9058]  INFO -- : 0:  rack-protection (1.5.3) from /usr/local/lib/ruby/gems/2.1.0/specifications/rack-protection-1.5.3.gemspec
I, [2014-09-19T21:15:35.539215 #9058]  INFO -- : 0:  rb-inotify (0.9.5) from /usr/local/lib/ruby/gems/2.1.0/specifications/rb-inotify-0.9.5.gemspec
I, [2014-09-19T21:15:35.539395 #9058]  INFO -- : 0:  rspec-support (3.1.0) from /usr/local/lib/ruby/gems/2.1.0/specifications/rspec-support-3.1.0.gemspec
I, [2014-09-19T21:15:40.164432 #9058]  INFO -- : 0:  rspec-core (3.1.4) from /usr/local/lib/ruby/gems/2.1.0/specifications/rspec-core-3.1.4.gemspec
I, [2014-09-19T21:15:40.166293 #9058]  INFO -- : 0:  rspec-expectations (3.1.1) from /usr/local/lib/ruby/gems/2.1.0/specifications/rspec-expectations-3.1.1.gemspec
I, [2014-09-19T21:15:42.579755 #9058]  INFO -- : 0:  rspec-mocks (3.1.1) from /usr/local/lib/ruby/gems/2.1.0/specifications/rspec-mocks-3.1.1.gemspec
I, [2014-09-19T21:15:42.581140 #9058]  INFO -- : 0:  rspec (3.1.0) from /usr/local/lib/ruby/gems/2.1.0/specifications/rspec-3.1.0.gemspec
I, [2014-09-19T21:15:42.581345 #9058]  INFO -- : 0:  tilt (1.4.1) from /usr/local/lib/ruby/gems/2.1.0/specifications/tilt-1.4.1.gemspec
I, [2014-09-19T21:15:42.581527 #9058]  INFO -- : 0:  sinatra (1.4.5) from /usr/local/lib/ruby/gems/2.1.0/specifications/sinatra-1.4.5.gemspec
I, [2014-09-19T21:15:42.581724 #9058]  INFO -- : 0:  sunra_config (0.0.19) from /usr/local/lib/ruby/gems/2.1.0/specifications/sunra_config-0.0.19.gemspec
I, [2014-09-19T21:15:42.581905 #9058]  INFO -- : 0:  sunra_logging (0.0.4) from /usr/local/lib/ruby/gems/2.1.0/specifications/sunra_logging-0.0.4.gemspec
I, [2014-09-19T21:15:42.582092 #9058]  INFO -- : 0:  bundler (1.5.1) from /usr/local/lib/ruby/gems/2.1.0/specifications/bundler-1.5.1.gemspec
I, [2014-09-20T15:18:11.159579 #27888]  INFO -- : 0:  diff-lcs (1.2.5) from /usr/local/lib/ruby/gems/2.1.0/specifications/diff-lcs-1.2.5.gemspec
I, [2014-09-20T15:18:11.159828 #27888]  INFO -- : 0:  ffi (1.9.3) from /usr/local/lib/ruby/gems/2.1.0/specifications/ffi-1.9.3.gemspec
I, [2014-09-20T15:18:11.160004 #27888]  INFO -- : 0:  m3uzi2 (1.0.0) from /usr/local/lib/ruby/gems/2.1.0/specifications/m3uzi2-1.0.0.gemspec
I, [2014-09-20T15:18:11.160180 #27888]  INFO -- : 0:  rack (1.5.2) from /usr/local/lib/ruby/gems/2.1.0/specifications/rack-1.5.2.gemspec
I, [2014-09-20T15:18:11.160384 #27888]  INFO -- : 0:  rack-protection (1.5.3) from /usr/local/lib/ruby/gems/2.1.0/specifications/rack-protection-1.5.3.gemspec
I, [2014-09-20T15:18:11.160549 #27888]  INFO -- : 0:  rb-inotify (0.9.5) from /usr/local/lib/ruby/gems/2.1.0/specifications/rb-inotify-0.9.5.gemspec
I, [2014-09-20T15:18:11.160723 #27888]  INFO -- : 0:  rspec-support (3.1.0) from /usr/local/lib/ruby/gems/2.1.0/specifications/rspec-support-3.1.0.gemspec
I, [2014-09-20T15:18:11.160900 #27888]  INFO -- : 0:  rspec-core (3.1.4) from /usr/local/lib/ruby/gems/2.1.0/specifications/rspec-core-3.1.4.gemspec
I, [2014-09-20T15:18:11.161078 #27888]  INFO -- : 0:  rspec-expectations (3.1.1) from /usr/local/lib/ruby/gems/2.1.0/specifications/rspec-expectations-3.1.1.gemspec
I, [2014-09-20T15:18:11.161252 #27888]  INFO -- : 0:  rspec-mocks (3.1.1) from /usr/local/lib/ruby/gems/2.1.0/specifications/rspec-mocks-3.1.1.gemspec
I, [2014-09-20T15:18:11.161424 #27888]  INFO -- : 0:  rspec (3.1.0) from /usr/local/lib/ruby/gems/2.1.0/specifications/rspec-3.1.0.gemspec
I, [2014-09-20T15:18:11.161594 #27888]  INFO -- : 0:  tilt (1.4.1) from /usr/local/lib/ruby/gems/2.1.0/specifications/tilt-1.4.1.gemspec
I, [2014-09-20T15:18:11.161764 #27888]  INFO -- : 0:  sinatra (1.4.5) from /usr/local/lib/ruby/gems/2.1.0/specifications/sinatra-1.4.5.gemspec
I, [2014-09-20T15:18:11.161950 #27888]  INFO -- : 0:  sunra_config (0.0.19) from /usr/local/lib/ruby/gems/2.1.0/specifications/sunra_config-0.0.19.gemspec
I, [2014-09-20T15:18:11.162120 #27888]  INFO -- : 0:  sunra_logging (0.0.4) from /usr/local/lib/ruby/gems/2.1.0/specifications/sunra_logging-0.0.4.gemspec
I, [2014-09-20T15:18:11.162283 #27888]  INFO -- : 0:  sunra_service (0.0.1) from /usr/local/lib/ruby/gems/2.1.0/specifications/sunra_service-0.0.1.gemspec
I, [2014-09-20T15:18:11.162440 #27888]  INFO -- : 0:  bundler (1.5.1) from /usr/local/lib/ruby/gems/2.1.0/specifications/bundler-1.5.1.gemspec
I, [2014-09-21T13:28:00.038424 #5177]  INFO -- : 0:  diff-lcs (1.2.5) from /usr/local/lib/ruby/gems/2.1.0/specifications/diff-lcs-1.2.5.gemspec
I, [2014-09-21T13:28:00.038691 #5177]  INFO -- : 0:  fakefs (0.5.2) from /usr/local/lib/ruby/gems/2.1.0/specifications/fakefs-0.5.2.gemspec
I, [2014-09-21T13:28:00.038887 #5177]  INFO -- : 0:  ffi (1.9.3) from /usr/local/lib/ruby/gems/2.1.0/specifications/ffi-1.9.3.gemspec
I, [2014-09-21T13:28:00.039082 #5177]  INFO -- : 0:  m3uzi2 (1.0.0) from /usr/local/lib/ruby/gems/2.1.0/specifications/m3uzi2-1.0.0.gemspec
I, [2014-09-21T13:28:00.039284 #5177]  INFO -- : 0:  rack (1.5.2) from /usr/local/lib/ruby/gems/2.1.0/specifications/rack-1.5.2.gemspec
I, [2014-09-21T13:28:00.039470 #5177]  INFO -- : 0:  rack-protection (1.5.3) from /usr/local/lib/ruby/gems/2.1.0/specifications/rack-protection-1.5.3.gemspec
I, [2014-09-21T13:28:00.039662 #5177]  INFO -- : 0:  rb-inotify (0.9.5) from /usr/local/lib/ruby/gems/2.1.0/specifications/rb-inotify-0.9.5.gemspec
I, [2014-09-21T13:28:00.039868 #5177]  INFO -- : 0:  rspec-support (3.1.0) from /usr/local/lib/ruby/gems/2.1.0/specifications/rspec-support-3.1.0.gemspec
I, [2014-09-21T13:28:00.040066 #5177]  INFO -- : 0:  rspec-core (3.1.4) from /usr/local/lib/ruby/gems/2.1.0/specifications/rspec-core-3.1.4.gemspec
I, [2014-09-21T13:28:00.040260 #5177]  INFO -- : 0:  rspec-expectations (3.1.1) from /usr/local/lib/ruby/gems/2.1.0/specifications/rspec-expectations-3.1.1.gemspec
I, [2014-09-21T13:28:00.040459 #5177]  INFO -- : 0:  rspec-mocks (3.1.1) from /usr/local/lib/ruby/gems/2.1.0/specifications/rspec-mocks-3.1.1.gemspec
I, [2014-09-21T13:28:00.040647 #5177]  INFO -- : 0:  rspec (3.1.0) from /usr/local/lib/ruby/gems/2.1.0/specifications/rspec-3.1.0.gemspec
I, [2014-09-21T13:28:00.040845 #5177]  INFO -- : 0:  tilt (1.4.1) from /usr/local/lib/ruby/gems/2.1.0/specifications/tilt-1.4.1.gemspec
I, [2014-09-21T13:28:00.041032 #5177]  INFO -- : 0:  sinatra (1.4.5) from /usr/local/lib/ruby/gems/2.1.0/specifications/sinatra-1.4.5.gemspec
I, [2014-09-21T13:28:00.041247 #5177]  INFO -- : 0:  sunra_config (0.0.19) from /usr/local/lib/ruby/gems/2.1.0/specifications/sunra_config-0.0.19.gemspec
I, [2014-09-21T13:28:00.041435 #5177]  INFO -- : 0:  sunra_logging (0.0.4) from /usr/local/lib/ruby/gems/2.1.0/specifications/sunra_logging-0.0.4.gemspec
I, [2014-09-21T13:28:00.041621 #5177]  INFO -- : 0:  sunra_service (0.0.1) from /usr/local/lib/ruby/gems/2.1.0/specifications/sunra_service-0.0.1.gemspec
I, [2014-09-21T13:28:00.041860 #5177]  INFO -- : 0:  bundler (1.5.1) from /usr/local/lib/ruby/gems/2.1.0/specifications/bundler-1.5.1.gemspec
I, [2014-09-21T13:28:10.599988 #5218]  INFO -- : 0:  diff-lcs (1.2.5) from /usr/local/lib/ruby/gems/2.1.0/specifications/diff-lcs-1.2.5.gemspec
I, [2014-09-21T13:28:10.600303 #5218]  INFO -- : 0:  fakefs (0.5.2) from /usr/local/lib/ruby/gems/2.1.0/specifications/fakefs-0.5.2.gemspec
I, [2014-09-21T13:28:10.600510 #5218]  INFO -- : 0:  ffi (1.9.3) from /usr/local/lib/ruby/gems/2.1.0/specifications/ffi-1.9.3.gemspec
I, [2014-09-21T13:28:10.600707 #5218]  INFO -- : 0:  m3uzi2 (1.0.0) from /usr/local/lib/ruby/gems/2.1.0/specifications/m3uzi2-1.0.0.gemspec
I, [2014-09-21T13:28:10.600910 #5218]  INFO -- : 0:  rack (1.5.2) from /usr/local/lib/ruby/gems/2.1.0/specifications/rack-1.5.2.gemspec
I, [2014-09-21T13:28:10.601116 #5218]  INFO -- : 0:  rack-protection (1.5.3) from /usr/local/lib/ruby/gems/2.1.0/specifications/rack-protection-1.5.3.gemspec
I, [2014-09-21T13:28:10.601318 #5218]  INFO -- : 0:  rb-inotify (0.9.5) from /usr/local/lib/ruby/gems/2.1.0/specifications/rb-inotify-0.9.5.gemspec
I, [2014-09-21T13:28:10.601535 #5218]  INFO -- : 0:  rspec-support (3.1.0) from /usr/local/lib/ruby/gems/2.1.0/specifications/rspec-support-3.1.0.gemspec
I, [2014-09-21T13:28:10.601794 #5218]  INFO -- : 0:  rspec-core (3.1.4) from /usr/local/lib/ruby/gems/2.1.0/specifications/rspec-core-3.1.4.gemspec
I, [2014-09-21T13:28:10.602009 #5218]  INFO -- : 0:  rspec-expectations (3.1.1) from /usr/local/lib/ruby/gems/2.1.0/specifications/rspec-expectations-3.1.1.gemspec
I, [2014-09-21T13:28:10.602208 #5218]  INFO -- : 0:  rspec-mocks (3.1.1) from /usr/local/lib/ruby/gems/2.1.0/specifications/rspec-mocks-3.1.1.gemspec
I, [2014-09-21T13:28:10.602398 #5218]  INFO -- : 0:  rspec (3.1.0) from /usr/local/lib/ruby/gems/2.1.0/specifications/rspec-3.1.0.gemspec
I, [2014-09-21T13:28:10.602590 #5218]  INFO -- : 0:  tilt (1.4.1) from /usr/local/lib/ruby/gems/2.1.0/specifications/tilt-1.4.1.gemspec
I, [2014-09-21T13:28:10.602786 #5218]  INFO -- : 0:  sinatra (1.4.5) from /usr/local/lib/ruby/gems/2.1.0/specifications/sinatra-1.4.5.gemspec
I, [2014-09-21T13:28:10.602991 #5218]  INFO -- : 0:  sunra_config (0.0.19) from /usr/local/lib/ruby/gems/2.1.0/specifications/sunra_config-0.0.19.gemspec
I, [2014-09-21T13:28:10.603201 #5218]  INFO -- : 0:  sunra_logging (0.0.4) from /usr/local/lib/ruby/gems/2.1.0/specifications/sunra_logging-0.0.4.gemspec
I, [2014-09-21T13:28:10.603414 #5218]  INFO -- : 0:  sunra_service (0.0.1) from /usr/local/lib/ruby/gems/2.1.0/specifications/sunra_service-0.0.1.gemspec
I, [2014-09-21T13:28:10.603579 #5218]  INFO -- : 0:  bundler (1.5.1) from /usr/local/lib/ruby/gems/2.1.0/specifications/bundler-1.5.1.gemspec
I, [2014-09-21T13:28:20.166833 #5256]  INFO -- : 0:  diff-lcs (1.2.5) from /usr/local/lib/ruby/gems/2.1.0/specifications/diff-lcs-1.2.5.gemspec
I, [2014-09-21T13:28:47.509819 #5256]  INFO -- : 0:  fakefs (0.5.3) from /usr/local/lib/ruby/gems/2.1.0/specifications/fakefs-0.5.3.gemspec
I, [2014-09-21T13:28:47.511358 #5256]  INFO -- : 0:  ffi (1.9.3) from /usr/local/lib/ruby/gems/2.1.0/specifications/ffi-1.9.3.gemspec
I, [2014-09-21T13:28:47.511543 #5256]  INFO -- : 0:  m3uzi2 (1.0.0) from /usr/local/lib/ruby/gems/2.1.0/specifications/m3uzi2-1.0.0.gemspec
I, [2014-09-21T13:28:47.511714 #5256]  INFO -- : 0:  rack (1.5.2) from /usr/local/lib/ruby/gems/2.1.0/specifications/rack-1.5.2.gemspec
I, [2014-09-21T13:28:47.511871 #5256]  INFO -- : 0:  rack-protection (1.5.3) from /usr/local/lib/ruby/gems/2.1.0/specifications/rack-protection-1.5.3.gemspec
I, [2014-09-21T13:28:47.512035 #5256]  INFO -- : 0:  rb-inotify (0.9.5) from /usr/local/lib/ruby/gems/2.1.0/specifications/rb-inotify-0.9.5.gemspec
I, [2014-09-21T13:28:47.512213 #5256]  INFO -- : 0:  rspec-support (3.1.0) from /usr/local/lib/ruby/gems/2.1.0/specifications/rspec-support-3.1.0.gemspec
I, [2014-09-21T13:28:47.512412 #5256]  INFO -- : 0:  rspec-core (3.1.4) from /usr/local/lib/ruby/gems/2.1.0/specifications/rspec-core-3.1.4.gemspec
I, [2014-09-21T13:28:47.512579 #5256]  INFO -- : 0:  rspec-expectations (3.1.1) from /usr/local/lib/ruby/gems/2.1.0/specifications/rspec-expectations-3.1.1.gemspec
I, [2014-09-21T13:28:47.512738 #5256]  INFO -- : 0:  rspec-mocks (3.1.1) from /usr/local/lib/ruby/gems/2.1.0/specifications/rspec-mocks-3.1.1.gemspec
I, [2014-09-21T13:28:47.512895 #5256]  INFO -- : 0:  rspec (3.1.0) from /usr/local/lib/ruby/gems/2.1.0/specifications/rspec-3.1.0.gemspec
I, [2014-09-21T13:28:47.513048 #5256]  INFO -- : 0:  tilt (1.4.1) from /usr/local/lib/ruby/gems/2.1.0/specifications/tilt-1.4.1.gemspec
I, [2014-09-21T13:28:47.513201 #5256]  INFO -- : 0:  sinatra (1.4.5) from /usr/local/lib/ruby/gems/2.1.0/specifications/sinatra-1.4.5.gemspec
I, [2014-09-21T13:28:47.513375 #5256]  INFO -- : 0:  sunra_config (0.0.19) from /usr/local/lib/ruby/gems/2.1.0/specifications/sunra_config-0.0.19.gemspec
I, [2014-09-21T13:28:47.513530 #5256]  INFO -- : 0:  sunra_logging (0.0.4) from /usr/local/lib/ruby/gems/2.1.0/specifications/sunra_logging-0.0.4.gemspec
I, [2014-09-21T13:28:47.513727 #5256]  INFO -- : 0:  sunra_service (0.0.1) from /usr/local/lib/ruby/gems/2.1.0/specifications/sunra_service-0.0.1.gemspec
I, [2014-09-21T13:28:47.513885 #5256]  INFO -- : 0:  bundler (1.5.1) from /usr/local/lib/ruby/gems/2.1.0/specifications/bundler-1.5.1.gemspec
I, [2014-09-21T14:08:51.238611 #15397]  INFO -- : 0:  diff-lcs (1.2.5) from /usr/local/lib/ruby/gems/2.1.0/specifications/diff-lcs-1.2.5.gemspec
I, [2014-09-21T14:08:51.238880 #15397]  INFO -- : 0:  fakefs (0.5.3) from /usr/local/lib/ruby/gems/2.1.0/specifications/fakefs-0.5.3.gemspec
I, [2014-09-21T14:08:51.239120 #15397]  INFO -- : 0:  ffi (1.9.3) from /usr/local/lib/ruby/gems/2.1.0/specifications/ffi-1.9.3.gemspec
I, [2014-09-21T14:08:51.239280 #15397]  INFO -- : 0:  m3uzi2 (1.0.0) from /usr/local/lib/ruby/gems/2.1.0/specifications/m3uzi2-1.0.0.gemspec
I, [2014-09-21T14:08:51.239435 #15397]  INFO -- : 0:  rack (1.5.2) from /usr/local/lib/ruby/gems/2.1.0/specifications/rack-1.5.2.gemspec
I, [2014-09-21T14:08:51.239593 #15397]  INFO -- : 0:  rack-protection (1.5.3) from /usr/local/lib/ruby/gems/2.1.0/specifications/rack-protection-1.5.3.gemspec
I, [2014-09-21T14:08:51.239753 #15397]  INFO -- : 0:  rb-inotify (0.9.5) from /usr/local/lib/ruby/gems/2.1.0/specifications/rb-inotify-0.9.5.gemspec
I, [2014-09-21T14:08:51.239900 #15397]  INFO -- : 0:  rspec-support (3.1.0) from /usr/local/lib/ruby/gems/2.1.0/specifications/rspec-support-3.1.0.gemspec
I, [2014-09-21T14:08:51.240065 #15397]  INFO -- : 0:  rspec-core (3.1.4) from /usr/local/lib/ruby/gems/2.1.0/specifications/rspec-core-3.1.4.gemspec
I, [2014-09-21T14:08:51.240226 #15397]  INFO -- : 0:  rspec-expectations (3.1.1) from /usr/local/lib/ruby/gems/2.1.0/specifications/rspec-expectations-3.1.1.gemspec
I, [2014-09-21T14:08:51.240385 #15397]  INFO -- : 0:  rspec-mocks (3.1.1) from /usr/local/lib/ruby/gems/2.1.0/specifications/rspec-mocks-3.1.1.gemspec
I, [2014-09-21T14:08:51.240533 #15397]  INFO -- : 0:  rspec (3.1.0) from /usr/local/lib/ruby/gems/2.1.0/specifications/rspec-3.1.0.gemspec
I, [2014-09-21T14:08:51.240685 #15397]  INFO -- : 0:  tilt (1.4.1) from /usr/local/lib/ruby/gems/2.1.0/specifications/tilt-1.4.1.gemspec
I, [2014-09-21T14:08:51.240838 #15397]  INFO -- : 0:  sinatra (1.4.5) from /usr/local/lib/ruby/gems/2.1.0/specifications/sinatra-1.4.5.gemspec
I, [2014-09-21T14:08:51.241010 #15397]  INFO -- : 0:  sunra_config (0.0.20) from /usr/local/lib/ruby/gems/2.1.0/specifications/sunra_config-0.0.20.gemspec
I, [2014-09-21T14:08:51.241162 #15397]  INFO -- : 0:  sunra_logging (0.0.4) from /usr/local/lib/ruby/gems/2.1.0/specifications/sunra_logging-0.0.4.gemspec
I, [2014-09-21T14:08:51.241308 #15397]  INFO -- : 0:  sunra_service (0.0.1) from /usr/local/lib/ruby/gems/2.1.0/specifications/sunra_service-0.0.1.gemspec
I, [2014-09-21T14:08:51.241447 #15397]  INFO -- : 0:  bundler (1.5.1) from /usr/local/lib/ruby/gems/2.1.0/specifications/bundler-1.5.1.gemspec
I, [2014-09-21T14:11:04.158650 #19047]  INFO -- : 0:  diff-lcs (1.2.5) from /usr/local/lib/ruby/gems/2.1.0/specifications/diff-lcs-1.2.5.gemspec
I, [2014-09-21T14:11:04.158939 #19047]  INFO -- : 0:  fakefs (0.5.3) from /usr/local/lib/ruby/gems/2.1.0/specifications/fakefs-0.5.3.gemspec
I, [2014-09-21T14:11:04.159108 #19047]  INFO -- : 0:  ffi (1.9.3) from /usr/local/lib/ruby/gems/2.1.0/specifications/ffi-1.9.3.gemspec
I, [2014-09-21T14:11:04.159283 #19047]  INFO -- : 0:  m3uzi2 (1.0.0) from /usr/local/lib/ruby/gems/2.1.0/specifications/m3uzi2-1.0.0.gemspec
I, [2014-09-21T14:11:04.159445 #19047]  INFO -- : 0:  rack (1.5.2) from /usr/local/lib/ruby/gems/2.1.0/specifications/rack-1.5.2.gemspec
I, [2014-09-21T14:11:04.159620 #19047]  INFO -- : 0:  rack-protection (1.5.3) from /usr/local/lib/ruby/gems/2.1.0/specifications/rack-protection-1.5.3.gemspec
I, [2014-09-21T14:11:04.159818 #19047]  INFO -- : 0:  rb-inotify (0.9.5) from /usr/local/lib/ruby/gems/2.1.0/specifications/rb-inotify-0.9.5.gemspec
I, [2014-09-21T14:11:04.160110 #19047]  INFO -- : 0:  rspec-support (3.1.0) from /usr/local/lib/ruby/gems/2.1.0/specifications/rspec-support-3.1.0.gemspec
I, [2014-09-21T14:11:04.160423 #19047]  INFO -- : 0:  rspec-core (3.1.4) from /usr/local/lib/ruby/gems/2.1.0/specifications/rspec-core-3.1.4.gemspec
I, [2014-09-21T14:11:04.160717 #19047]  INFO -- : 0:  rspec-expectations (3.1.1) from /usr/local/lib/ruby/gems/2.1.0/specifications/rspec-expectations-3.1.1.gemspec
I, [2014-09-21T14:11:04.160949 #19047]  INFO -- : 0:  rspec-mocks (3.1.1) from /usr/local/lib/ruby/gems/2.1.0/specifications/rspec-mocks-3.1.1.gemspec
I, [2014-09-21T14:11:04.161116 #19047]  INFO -- : 0:  rspec (3.1.0) from /usr/local/lib/ruby/gems/2.1.0/specifications/rspec-3.1.0.gemspec
I, [2014-09-21T14:11:04.161278 #19047]  INFO -- : 0:  tilt (1.4.1) from /usr/local/lib/ruby/gems/2.1.0/specifications/tilt-1.4.1.gemspec
I, [2014-09-21T14:11:04.161522 #19047]  INFO -- : 0:  sinatra (1.4.5) from /usr/local/lib/ruby/gems/2.1.0/specifications/sinatra-1.4.5.gemspec
I, [2014-09-21T14:11:04.161834 #19047]  INFO -- : 0:  sunra_config (0.0.20) from /usr/local/lib/ruby/gems/2.1.0/specifications/sunra_config-0.0.20.gemspec
I, [2014-09-21T14:11:04.162109 #19047]  INFO -- : 0:  sunra_logging (0.0.4) from /usr/local/lib/ruby/gems/2.1.0/specifications/sunra_logging-0.0.4.gemspec
I, [2014-09-21T14:11:04.162361 #19047]  INFO -- : 0:  sunra_service (0.0.1) from /usr/local/lib/ruby/gems/2.1.0/specifications/sunra_service-0.0.1.gemspec
I, [2014-09-21T14:11:04.162537 #19047]  INFO -- : 0:  bundler (1.5.1) from /usr/local/lib/ruby/gems/2.1.0/specifications/bundler-1.5.1.gemspec
I, [2014-09-21T14:11:28.203751 #19680]  INFO -- : 0:  diff-lcs (1.2.5) from /usr/local/lib/ruby/gems/2.1.0/specifications/diff-lcs-1.2.5.gemspec
I, [2014-09-21T14:11:28.204054 #19680]  INFO -- : 0:  fakefs (0.5.3) from /usr/local/lib/ruby/gems/2.1.0/specifications/fakefs-0.5.3.gemspec
I, [2014-09-21T14:11:28.204231 #19680]  INFO -- : 0:  ffi (1.9.3) from /usr/local/lib/ruby/gems/2.1.0/specifications/ffi-1.9.3.gemspec
I, [2014-09-21T14:11:28.204403 #19680]  INFO -- : 0:  m3uzi2 (1.0.0) from /usr/local/lib/ruby/gems/2.1.0/specifications/m3uzi2-1.0.0.gemspec
I, [2014-09-21T14:11:28.204576 #19680]  INFO -- : 0:  rack (1.5.2) from /usr/local/lib/ruby/gems/2.1.0/specifications/rack-1.5.2.gemspec
I, [2014-09-21T14:11:28.204753 #19680]  INFO -- : 0:  rack-protection (1.5.3) from /usr/local/lib/ruby/gems/2.1.0/specifications/rack-protection-1.5.3.gemspec
I, [2014-09-21T14:11:28.204934 #19680]  INFO -- : 0:  rb-inotify (0.9.5) from /usr/local/lib/ruby/gems/2.1.0/specifications/rb-inotify-0.9.5.gemspec
I, [2014-09-21T14:11:28.205110 #19680]  INFO -- : 0:  rspec-support (3.1.0) from /usr/local/lib/ruby/gems/2.1.0/specifications/rspec-support-3.1.0.gemspec
I, [2014-09-21T14:11:28.205297 #19680]  INFO -- : 0:  rspec-core (3.1.4) from /usr/local/lib/ruby/gems/2.1.0/specifications/rspec-core-3.1.4.gemspec
I, [2014-09-21T14:11:28.205478 #19680]  INFO -- : 0:  rspec-expectations (3.1.1) from /usr/local/lib/ruby/gems/2.1.0/specifications/rspec-expectations-3.1.1.gemspec
I, [2014-09-21T14:11:28.205663 #19680]  INFO -- : 0:  rspec-mocks (3.1.1) from /usr/local/lib/ruby/gems/2.1.0/specifications/rspec-mocks-3.1.1.gemspec
I, [2014-09-21T14:11:28.205839 #19680]  INFO -- : 0:  rspec (3.1.0) from /usr/local/lib/ruby/gems/2.1.0/specifications/rspec-3.1.0.gemspec
I, [2014-09-21T14:11:28.206014 #19680]  INFO -- : 0:  tilt (1.4.1) from /usr/local/lib/ruby/gems/2.1.0/specifications/tilt-1.4.1.gemspec
I, [2014-09-21T14:11:28.206184 #19680]  INFO -- : 0:  sinatra (1.4.5) from /usr/local/lib/ruby/gems/2.1.0/specifications/sinatra-1.4.5.gemspec
I, [2014-09-21T14:11:28.206377 #19680]  INFO -- : 0:  sunra_config (0.0.20) from /usr/local/lib/ruby/gems/2.1.0/specifications/sunra_config-0.0.20.gemspec
I, [2014-09-21T14:11:28.206550 #19680]  INFO -- : 0:  sunra_logging (0.0.4) from /usr/local/lib/ruby/gems/2.1.0/specifications/sunra_logging-0.0.4.gemspec
I, [2014-09-21T14:11:28.206717 #19680]  INFO -- : 0:  sunra_service (0.0.1) from /usr/local/lib/ruby/gems/2.1.0/specifications/sunra_service-0.0.1.gemspec
I, [2014-09-21T14:11:28.206880 #19680]  INFO -- : 0:  bundler (1.5.1) from /usr/local/lib/ruby/gems/2.1.0/specifications/bundler-1.5.1.gemspec
I, [2014-09-21T16:13:03.964982 #18008]  INFO -- : 0:  diff-lcs (1.2.5) from /usr/local/lib/ruby/gems/2.1.0/specifications/diff-lcs-1.2.5.gemspec
I, [2014-09-21T16:13:03.965253 #18008]  INFO -- : 0:  fakefs (0.5.3) from /usr/local/lib/ruby/gems/2.1.0/specifications/fakefs-0.5.3.gemspec
I, [2014-09-21T16:13:03.965416 #18008]  INFO -- : 0:  ffi (1.9.3) from /usr/local/lib/ruby/gems/2.1.0/specifications/ffi-1.9.3.gemspec
I, [2014-09-21T16:13:03.965565 #18008]  INFO -- : 0:  m3uzi2 (1.0.0) from /usr/local/lib/ruby/gems/2.1.0/specifications/m3uzi2-1.0.0.gemspec
I, [2014-09-21T16:13:03.965722 #18008]  INFO -- : 0:  rack (1.5.2) from /usr/local/lib/ruby/gems/2.1.0/specifications/rack-1.5.2.gemspec
I, [2014-09-21T16:13:03.965882 #18008]  INFO -- : 0:  rack-protection (1.5.3) from /usr/local/lib/ruby/gems/2.1.0/specifications/rack-protection-1.5.3.gemspec
I, [2014-09-21T16:13:03.966043 #18008]  INFO -- : 0:  rb-inotify (0.9.5) from /usr/local/lib/ruby/gems/2.1.0/specifications/rb-inotify-0.9.5.gemspec
I, [2014-09-21T16:13:03.966204 #18008]  INFO -- : 0:  rspec-support (3.1.0) from /usr/local/lib/ruby/gems/2.1.0/specifications/rspec-support-3.1.0.gemspec
I, [2014-09-21T16:13:03.966374 #18008]  INFO -- : 0:  rspec-core (3.1.4) from /usr/local/lib/ruby/gems/2.1.0/specifications/rspec-core-3.1.4.gemspec
I, [2014-09-21T16:13:03.966538 #18008]  INFO -- : 0:  rspec-expectations (3.1.1) from /usr/local/lib/ruby/gems/2.1.0/specifications/rspec-expectations-3.1.1.gemspec
I, [2014-09-21T16:13:03.966703 #18008]  INFO -- : 0:  rspec-mocks (3.1.1) from /usr/local/lib/ruby/gems/2.1.0/specifications/rspec-mocks-3.1.1.gemspec
I, [2014-09-21T16:13:03.966854 #18008]  INFO -- : 0:  rspec (3.1.0) from /usr/local/lib/ruby/gems/2.1.0/specifications/rspec-3.1.0.gemspec
I, [2014-09-21T16:13:03.967010 #18008]  INFO -- : 0:  tilt (1.4.1) from /usr/local/lib/ruby/gems/2.1.0/specifications/tilt-1.4.1.gemspec
I, [2014-09-21T16:13:03.967161 #18008]  INFO -- : 0:  sinatra (1.4.5) from /usr/local/lib/ruby/gems/2.1.0/specifications/sinatra-1.4.5.gemspec
I, [2014-09-21T16:13:03.967338 #18008]  INFO -- : 0:  sunra_config (0.0.20) from /usr/local/lib/ruby/gems/2.1.0/specifications/sunra_config-0.0.20.gemspec
I, [2014-09-21T16:13:03.967490 #18008]  INFO -- : 0:  sunra_logging (0.0.4) from /usr/local/lib/ruby/gems/2.1.0/specifications/sunra_logging-0.0.4.gemspec
I, [2014-09-21T16:13:03.967633 #18008]  INFO -- : 0:  sunra_service (0.0.1) from /usr/local/lib/ruby/gems/2.1.0/specifications/sunra_service-0.0.1.gemspec
I, [2014-09-21T16:13:03.967773 #18008]  INFO -- : 0:  bundler (1.5.1) from /usr/local/lib/ruby/gems/2.1.0/specifications/bundler-1.5.1.gemspec
I, [2014-09-21T19:17:03.269750 #18859]  INFO -- : 0:  diff-lcs (1.2.5) from /usr/local/lib/ruby/gems/2.1.0/specifications/diff-lcs-1.2.5.gemspec
I, [2014-09-21T19:17:03.314369 #18859]  INFO -- : 0:  fakefs (0.5.3) from /usr/local/lib/ruby/gems/2.1.0/specifications/fakefs-0.5.3.gemspec
I, [2014-09-21T19:17:03.314533 #18859]  INFO -- : 0:  ffi (1.9.3) from /usr/local/lib/ruby/gems/2.1.0/specifications/ffi-1.9.3.gemspec
I, [2014-09-21T19:17:03.314675 #18859]  INFO -- : 0:  m3uzi2 (1.0.0) from /usr/local/lib/ruby/gems/2.1.0/specifications/m3uzi2-1.0.0.gemspec
I, [2014-09-21T19:17:03.314817 #18859]  INFO -- : 0:  rack (1.5.2) from /usr/local/lib/ruby/gems/2.1.0/specifications/rack-1.5.2.gemspec
I, [2014-09-21T19:17:03.314963 #18859]  INFO -- : 0:  rack-protection (1.5.3) from /usr/local/lib/ruby/gems/2.1.0/specifications/rack-protection-1.5.3.gemspec
I, [2014-09-21T19:17:03.315117 #18859]  INFO -- : 0:  rb-inotify (0.9.5) from /usr/local/lib/ruby/gems/2.1.0/specifications/rb-inotify-0.9.5.gemspec
I, [2014-09-21T19:17:03.315267 #18859]  INFO -- : 0:  rspec-support (3.1.0) from /usr/local/lib/ruby/gems/2.1.0/specifications/rspec-support-3.1.0.gemspec
I, [2014-09-21T19:17:03.315422 #18859]  INFO -- : 0:  rspec-core (3.1.4) from /usr/local/lib/ruby/gems/2.1.0/specifications/rspec-core-3.1.4.gemspec
I, [2014-09-21T19:17:03.315576 #18859]  INFO -- : 0:  rspec-expectations (3.1.1) from /usr/local/lib/ruby/gems/2.1.0/specifications/rspec-expectations-3.1.1.gemspec
I, [2014-09-21T19:17:03.331155 #18859]  INFO -- : 0:  rspec-mocks (3.1.1) from /usr/local/lib/ruby/gems/2.1.0/specifications/rspec-mocks-3.1.1.gemspec
I, [2014-09-21T19:17:03.331336 #18859]  INFO -- : 0:  rspec (3.1.0) from /usr/local/lib/ruby/gems/2.1.0/specifications/rspec-3.1.0.gemspec
I, [2014-09-21T19:17:03.331490 #18859]  INFO -- : 0:  tilt (1.4.1) from /usr/local/lib/ruby/gems/2.1.0/specifications/tilt-1.4.1.gemspec
I, [2014-09-21T19:17:03.331646 #18859]  INFO -- : 0:  sinatra (1.4.5) from /usr/local/lib/ruby/gems/2.1.0/specifications/sinatra-1.4.5.gemspec
I, [2014-09-21T19:17:03.331828 #18859]  INFO -- : 0:  sunra_config (0.0.20) from /usr/local/lib/ruby/gems/2.1.0/specifications/sunra_config-0.0.20.gemspec
I, [2014-09-21T19:17:03.331980 #18859]  INFO -- : 0:  sunra_logging (0.0.4) from /usr/local/lib/ruby/gems/2.1.0/specifications/sunra_logging-0.0.4.gemspec
I, [2014-09-21T19:17:03.332125 #18859]  INFO -- : 0:  sunra_service (0.0.1) from /usr/local/lib/ruby/gems/2.1.0/specifications/sunra_service-0.0.1.gemspec
I, [2014-09-21T19:17:03.332262 #18859]  INFO -- : 0:  bundler (1.5.1) from /usr/local/lib/ruby/gems/2.1.0/specifications/bundler-1.5.1.gemspec
